#
# A fatal error has been detected by the Java Runtime Environment:
#
#  EXCEPTION_ACCESS_VIOLATION (0xc0000005) at pc=0x000000005ff81e05, pid=5268, tid=0x0000000000000dac
#
# JRE version: Java(TM) SE Runtime Environment (8.0_92-b14) (build 1.8.0_92-b14)
# Java VM: Java HotSpot(TM) 64-Bit Server VM (25.92-b14 mixed mode windows-amd64 compressed oops)
# Problematic frame:
# C  [awt.dll+0x91e05]
#
# Failed to write core dump. Minidumps are not enabled by default on client versions of Windows
#
# If you would like to submit a bug report, please visit:
#   http://bugreport.java.com/bugreport/crash.jsp
# The crash happened outside the Java Virtual Machine in native code.
# See problematic frame for where to report the bug.
#

---------------  T H R E A D  ---------------

Current thread (0x000000005616e800):  JavaThread "AWT-Windows" daemon [_thread_in_native, id=3500, stack(0x0000000055c50000,0x0000000055d50000)]

siginfo: ExceptionCode=0xc0000005, reading address 0xffffffffffffffff

Registers:
RAX=0x5bb1e956ffff0014, RBX=0x0000000000000000, RCX=0x5bb1e956ffff0014, RDX=0x000000005ffd9b60
RSP=0x0000000055d4eb90, RBP=0x0000000055d4ec49, RSI=0x0000000000000111, RDI=0x000000005616e9f8
R8 =0x0000000000000000, R9 =0x0000000000000000, R10=0x000000005fff7df8, R11=0x0000000000000001
R12=0x0000000056184a10, R13=0x000000000000010d, R14=0x000000000000a220, R15=0x0000000000000000
RIP=0x000000005ff81e05, EFLAGS=0x0000000000010206

Top of Stack: (sp=0x0000000055d4eb90)
0x0000000055d4eb90:   0000000000000000 0000000000000000
0x0000000055d4eba0:   0000000000000000 0000000055d4eb88
0x0000000055d4ebb0:   0000000056184a98 000000005ff841cd
0x0000000055d4ebc0:   0000000056184a98 0000000000000111
0x0000000055d4ebd0:   00000000545c85a8 0000000000000000
0x0000000055d4ebe0:   0000000055d4ec18 0000000055d4ec68
0x0000000055d4ebf0:   0000000002948071 0000000000000000
0x0000000055d4ec00:   0000000000000000 00000000ed448fd8
0x0000000055d4ec10:   0000000000000001 0000000000000000
0x0000000055d4ec20:   00000000ed448fb0 000000005616e9f8
0x0000000055d4ec30:   fffffffffffffffe 0000000056184a98
0x0000000055d4ec40:   00000000545c8e18 0000000000000000
0x0000000055d4ec50:   0000acbbda068175 0000000000000000
0x0000000055d4ec60:   0000000055d4ec78 00000000005a0d1c
0x0000000055d4ec70:   0000000000000000 0000000000000111
0x0000000055d4ec80:   000000000000a220 000000000000a220 

Instructions: (pc=0x000000005ff81e05)
0x000000005ff81de5:   4d 85 c0 75 23 48 8d 0d 7f c3 0b 00 e8 8a 88 03
0x000000005ff81df5:   00 48 8b c8 48 85 c0 75 07 b8 02 00 00 00 eb 29
0x000000005ff81e05:   48 8b 00 ff 50 10 eb f1 49 8b c8 e8 8b e9 ff ff
0x000000005ff81e15:   48 85 c0 74 0f 4c 8b 00 8b d3 48 8b c8 41 ff 90 


Register to memory mapping:

RAX=0x5bb1e956ffff0014 is an unknown value
RBX=0x0000000000000000 is an unknown value
RCX=0x5bb1e956ffff0014 is an unknown value
RDX=0x000000005ffd9b60 is an unknown value
RSP=0x0000000055d4eb90 is pointing into the stack for thread: 0x000000005616e800
RBP=0x0000000055d4ec49 is pointing into the stack for thread: 0x000000005616e800
RSI=0x0000000000000111 is an unknown value
RDI=0x000000005616e9f8 is an unknown value
R8 =0x0000000000000000 is an unknown value
R9 =0x0000000000000000 is an unknown value
R10=0x000000005fff7df8 is an unknown value
R11=0x0000000000000001 is an unknown value
R12=0x0000000056184a10 is an unknown value
R13=0x000000000000010d is an unknown value
R14=0x000000000000a220 is an unknown value
R15=0x0000000000000000 is an unknown value


Stack: [0x0000000055c50000,0x0000000055d50000],  sp=0x0000000055d4eb90,  free space=1018k
Native frames: (J=compiled Java code, j=interpreted, Vv=VM code, C=native code)
C  [awt.dll+0x91e05]
C  [awt.dll+0x941cd]
C  [awt.dll+0xd3a81]
C  [awt.dll+0xa7c7b]
C  [awt.dll+0x9088e]
C  [USER32.dll+0x19bd1]
C  [USER32.dll+0x13bfc]
C  [USER32.dll+0x13b78]
C  [awt.dll+0x150d4]
C  [COMCTL32.dll+0x269a0]
C  [COMCTL32.dll+0x26877]
C  [USER32.dll+0x19bd1]
C  [USER32.dll+0x198da]
C  [awt.dll+0xcc64c]
C  [awt.dll+0xcc8fb]
C  0x0000000002955994

Java frames: (J=compiled Java code, j=interpreted, Vv=VM code)
j  sun.awt.windows.WToolkit.eventLoop()V+0
j  sun.awt.windows.WToolkit.run()V+58
j  java.lang.Thread.run()V+11
v  ~StubRoutines::call_stub

---------------  P R O C E S S  ---------------

Java Threads: ( => current thread )
  0x0000000056238000 JavaThread "Image Fetcher 0" daemon [_thread_in_vm, id=1692, stack(0x0000000057100000,0x0000000057200000)]
  0x000000000255d800 JavaThread "DestroyJavaVM" [_thread_blocked, id=5920, stack(0x0000000002840000,0x0000000002940000)]
  0x00000000561e9000 JavaThread "AWT-EventQueue-0" [_thread_blocked, id=4424, stack(0x0000000056a80000,0x0000000056b80000)]
=>0x000000005616e800 JavaThread "AWT-Windows" daemon [_thread_in_native, id=3500, stack(0x0000000055c50000,0x0000000055d50000)]
  0x000000005616b800 JavaThread "AWT-Shutdown" [_thread_blocked, id=5232, stack(0x0000000056970000,0x0000000056a70000)]
  0x000000005615a800 JavaThread "Java2D Disposer" daemon [_thread_blocked, id=3960, stack(0x0000000056860000,0x0000000056960000)]
  0x0000000055e8d800 JavaThread "Service Thread" daemon [_thread_blocked, id=2148, stack(0x0000000056500000,0x0000000056600000)]
  0x0000000054b4f800 JavaThread "C1 CompilerThread1" daemon [_thread_blocked, id=3816, stack(0x00000000562e0000,0x00000000563e0000)]
  0x0000000054b04800 JavaThread "C2 CompilerThread0" daemon [_thread_blocked, id=3288, stack(0x0000000055d60000,0x0000000055e60000)]
  0x0000000054af5800 JavaThread "Attach Listener" daemon [_thread_blocked, id=2740, stack(0x0000000055ae0000,0x0000000055be0000)]
  0x0000000054af4800 JavaThread "Signal Dispatcher" daemon [_thread_blocked, id=5872, stack(0x00000000559d0000,0x0000000055ad0000)]
  0x0000000054acd800 JavaThread "Finalizer" daemon [_thread_blocked, id=5372, stack(0x00000000556f0000,0x00000000557f0000)]
  0x0000000054a86800 JavaThread "Reference Handler" daemon [_thread_blocked, id=4828, stack(0x0000000055830000,0x0000000055930000)]

Other Threads:
  0x0000000054a7c800 VMThread [stack: 0x0000000055570000,0x0000000055670000] [id=5656]
  0x0000000055eb0000 WatcherThread [stack: 0x00000000566b0000,0x00000000567b0000] [id=4368]

VM state:not at safepoint (normal execution)

VM Mutex/Monitor currently owned by a thread: None

Heap:
 PSYoungGen      total 17920K, used 11670K [0x00000000ec380000, 0x00000000ee680000, 0x0000000100000000)
  eden space 15360K, 59% used [0x00000000ec380000,0x00000000ecc6a408,0x00000000ed280000)
  from space 2560K, 99% used [0x00000000ed280000,0x00000000ed4fb668,0x00000000ed500000)
  to   space 2560K, 0% used [0x00000000ee400000,0x00000000ee400000,0x00000000ee680000)
 ParOldGen       total 40960K, used 1435K [0x00000000c4a00000, 0x00000000c7200000, 0x00000000ec380000)
  object space 40960K, 3% used [0x00000000c4a00000,0x00000000c4b66f90,0x00000000c7200000)
 Metaspace       used 8142K, capacity 8314K, committed 8576K, reserved 1056768K
  class space    used 1003K, capacity 1063K, committed 1152K, reserved 1048576K

Card table byte_map: [0x0000000011d00000,0x0000000011ee0000] byte_map_base: 0x00000000116db000

Marking Bits: (ParMarkBitMap*) 0x000000005b2b64f0
 Begin Bits: [0x00000000121c0000, 0x0000000013098000)
 End Bits:   [0x0000000013098000, 0x0000000013f70000)

Polling page: 0x0000000000130000

CodeCache: size=245760Kb used=1979Kb max_used=1979Kb free=243780Kb
 bounds [0x0000000002940000, 0x0000000002bb0000, 0x0000000011940000]
 total_blobs=791 nmethods=378 adapters=328
 compilation: enabled

Compilation events (10 events):
Event: 64971.501 Thread 0x0000000054b4f800  372       3       java.util.HashMap$EntryIterator::next (5 bytes)
Event: 64974.392 Thread 0x0000000054b4f800 nmethod 372 0x0000000002b15550 code [0x0000000002b156c0, 0x0000000002b159a8]
Event: 64974.392 Thread 0x0000000054b4f800  373       3       java.util.HashMap$EntryIterator::next (5 bytes)
Event: 64974.461 Thread 0x0000000054b4f800 nmethod 373 0x0000000002b17250 code [0x0000000002b173c0, 0x0000000002b175c8]
Event: 64977.017 Thread 0x0000000054b4f800  375       3       java.lang.invoke.MethodType::toMethodDescriptorString (21 bytes)
Event: 64978.305 Thread 0x0000000054b4f800 nmethod 375 0x0000000002b22f90 code [0x0000000002b231a0, 0x0000000002b23c78]
Event: 64978.351 Thread 0x0000000054b4f800  376       3       java.lang.invoke.MethodType$ConcurrentWeakInternSet$WeakEntry::equals (49 bytes)
Event: 64978.449 Thread 0x0000000054b4f800 nmethod 376 0x0000000002b22610 code [0x0000000002b227a0, 0x0000000002b22de8]
Event: 64978.449 Thread 0x0000000054b4f800  377       3       sun.invoke.util.BytecodeDescriptor::unparseSig (75 bytes)
Event: 64978.714 Thread 0x0000000054b4f800 nmethod 377 0x0000000002b2eb10 code [0x0000000002b2ed80, 0x0000000002b2fee8]

GC Heap History (2 events):
Event: 0.498 GC heap before
{Heap before GC invocations=1 (full 0):
 PSYoungGen      total 17920K, used 14588K [0x00000000ec380000, 0x00000000ed780000, 0x0000000100000000)
  eden space 15360K, 94% used [0x00000000ec380000,0x00000000ed1bf1c8,0x00000000ed280000)
  from space 2560K, 0% used [0x00000000ed500000,0x00000000ed500000,0x00000000ed780000)
  to   space 2560K, 0% used [0x00000000ed280000,0x00000000ed280000,0x00000000ed500000)
 ParOldGen       total 40960K, used 0K [0x00000000c4a00000, 0x00000000c7200000, 0x00000000ec380000)
  object space 40960K, 0% used [0x00000000c4a00000,0x00000000c4a00000,0x00000000c7200000)
 Metaspace       used 8118K, capacity 8240K, committed 8576K, reserved 1056768K
  class space    used 1001K, capacity 1060K, committed 1152K, reserved 1048576K
Event: 0.507 GC heap after
Heap after GC invocations=1 (full 0):
 PSYoungGen      total 17920K, used 2541K [0x00000000ec380000, 0x00000000ee680000, 0x0000000100000000)
  eden space 15360K, 0% used [0x00000000ec380000,0x00000000ec380000,0x00000000ed280000)
  from space 2560K, 99% used [0x00000000ed280000,0x00000000ed4fb668,0x00000000ed500000)
  to   space 2560K, 0% used [0x00000000ee400000,0x00000000ee400000,0x00000000ee680000)
 ParOldGen       total 40960K, used 1435K [0x00000000c4a00000, 0x00000000c7200000, 0x00000000ec380000)
  object space 40960K, 3% used [0x00000000c4a00000,0x00000000c4b66f90,0x00000000c7200000)
 Metaspace       used 8118K, capacity 8240K, committed 8576K, reserved 1056768K
  class space    used 1001K, capacity 1060K, committed 1152K, reserved 1048576K
}

Deoptimization events (4 events):
Event: 0.253 Thread 0x000000000255d800 Uncommon trap: reason=null_check action=make_not_entrant pc=0x0000000002ab04cc method=java.lang.String.equals(Ljava/lang/Object;)Z @ 8
Event: 0.435 Thread 0x0000000056183800 Uncommon trap: reason=unstable_if action=reinterpret pc=0x0000000002afc95c method=sun.awt.image.IntegerInterleavedRaster.getDataElements(IILjava/lang/Object;)Ljava/lang/Object; @ 43
Event: 0.437 Thread 0x0000000056183800 Uncommon trap: reason=unstable_if action=reinterpret pc=0x0000000002b082cc method=sun.awt.image.ImageRepresentation.convertToRGB()V @ 145
Event: 0.538 Thread 0x0000000056183800 Uncommon trap: reason=range_check action=make_not_entrant pc=0x0000000002b1b678 method=java.awt.image.DirectColorModel.setFields()V @ 65

Internal exceptions (10 events):
Event: 0.150 Thread 0x000000000255d800 Exception <a 'java/io/FileNotFoundException'> (0x00000000ec45b6e0) thrown at [D:\re\workspace\8-2-build-windows-amd64-cygwin\jdk8u92\6642\hotspot\src\share\vm\prims\jni.cpp, line 709]
Event: 0.188 Thread 0x000000000255d800 Exception <a 'java/lang/NoSuchFieldError': method resolution failed> (0x00000000ec5766a8) thrown at [D:\re\workspace\8-2-build-windows-amd64-cygwin\jdk8u92\6642\hotspot\src\share\vm\prims\methodHandles.cpp, line 1146]
Event: 0.194 Thread 0x000000000255d800 Exception <a 'java/lang/NoSuchFieldError': method resolution failed> (0x00000000ec583a78) thrown at [D:\re\workspace\8-2-build-windows-amd64-cygwin\jdk8u92\6642\hotspot\src\share\vm\prims\methodHandles.cpp, line 1146]
Event: 0.253 Thread 0x000000000255d800 Implicit null exception at 0x0000000002ab030b to 0x0000000002ab04bd
Event: 0.260 Thread 0x000000000255d800 Exception <a 'java/io/FileNotFoundException'> (0x00000000ec6b3ee8) thrown at [D:\re\workspace\8-2-build-windows-amd64-cygwin\jdk8u92\6642\hotspot\src\share\vm\prims\jni.cpp, line 709]
Event: 0.333 Thread 0x000000000255d800 Exception <a 'java/io/FileNotFoundException'> (0x00000000ec9f2140) thrown at [D:\re\workspace\8-2-build-windows-amd64-cygwin\jdk8u92\6642\hotspot\src\share\vm\prims\jni.cpp, line 709]
Event: 0.333 Thread 0x000000000255d800 Exception <a 'java/lang/NullPointerException'> (0x00000000ec9f27e8) thrown at [D:\re\workspace\8-2-build-windows-amd64-cygwin\jdk8u92\6642\hotspot\src\share\vm\interpreter\linkResolver.cpp, line 1178]
Event: 0.435 Thread 0x0000000056183800 Implicit null exception at 0x0000000002afc7ed to 0x0000000002afc941
Event: 0.573 Thread 0x00000000561e9000 Exception <a 'java/lang/IllegalArgumentException'> (0x00000000ec755ff0) thrown at [D:\re\workspace\8-2-build-windows-amd64-cygwin\jdk8u92\6642\hotspot\src\share\vm\prims\jvm.cpp, line 1390]
Event: 0.573 Thread 0x00000000561e9000 Exception <a 'java/lang/IllegalArgumentException'> (0x00000000ec755ff0) thrown at [D:\re\workspace\8-2-build-windows-amd64-cygwin\jdk8u92\6642\hotspot\src\share\vm\prims\jvm.cpp, line 1390]

Events (10 events):
Event: 0.538 Thread 0x0000000056183800 DEOPT PACKING pc=0x0000000002b1b678 sp=0x0000000056deecf0
Event: 0.538 Thread 0x0000000056183800 DEOPT UNPACKING pc=0x000000000298556a sp=0x0000000056deeb50 mode 2
Event: 0.578 loading class java/util/concurrent/locks/LockSupport
Event: 0.578 loading class java/util/concurrent/locks/LockSupport done
Event: 4.162 Executing VM operation: EnableBiasedLocking
Event: 4.162 Executing VM operation: EnableBiasedLocking done
Event: 5.578 Thread 0x0000000056183800 Thread exited: 0x0000000056183800
Event: 64981.008 loading class sun/awt/windows/WToolkit$3
Event: 64981.687 loading class sun/awt/windows/WToolkit$3 done
Event: 64983.943 Thread 0x0000000056238000 Thread added: 0x0000000056238000


Dynamic libraries:
0x000000013fc70000 - 0x000000013fca7000 	C:\Program Files\Java\jre1.8.0_92\bin\javaw.exe
0x00000000774c0000 - 0x0000000077669000 	C:\Windows\SYSTEM32\ntdll.dll
0x00000000773a0000 - 0x00000000774bf000 	C:\Windows\system32\kernel32.dll
0x000007fefd4d0000 - 0x000007fefd53b000 	C:\Windows\system32\KERNELBASE.dll
0x000007fefdd90000 - 0x000007fefde6b000 	C:\Windows\system32\ADVAPI32.dll
0x000007fefec60000 - 0x000007fefecff000 	C:\Windows\system32\msvcrt.dll
0x000007fefd690000 - 0x000007fefd6af000 	C:\Windows\SYSTEM32\sechost.dll
0x000007fefd6b0000 - 0x000007fefd7dd000 	C:\Windows\system32\RPCRT4.dll
0x00000000772a0000 - 0x000000007739a000 	C:\Windows\system32\USER32.dll
0x000007feff050000 - 0x000007feff0b7000 	C:\Windows\system32\GDI32.dll
0x000007fefd7e0000 - 0x000007fefd7ee000 	C:\Windows\system32\LPK.dll
0x000007feff3f0000 - 0x000007feff4b9000 	C:\Windows\system32\USP10.dll
0x000007fefbad0000 - 0x000007fefbcc4000 	C:\Windows\WinSxS\amd64_microsoft.windows.common-controls_6595b64144ccf1df_6.0.7601.17514_none_fa396087175ac9ac\COMCTL32.dll
0x000007fefefd0000 - 0x000007feff041000 	C:\Windows\system32\SHLWAPI.dll
0x000007fefd7f0000 - 0x000007fefd81e000 	C:\Windows\system32\IMM32.DLL
0x000007fefdc60000 - 0x000007fefdd69000 	C:\Windows\system32\MSCTF.dll
0x0000000060690000 - 0x0000000060762000 	C:\Program Files\Java\jre1.8.0_92\bin\msvcr100.dll
0x000000005aaa0000 - 0x000000005b336000 	C:\Program Files\Java\jre1.8.0_92\bin\server\jvm.dll
0x000007fefac10000 - 0x000007fefac19000 	C:\Windows\system32\WSOCK32.dll
0x000007fefd630000 - 0x000007fefd67d000 	C:\Windows\system32\WS2_32.dll
0x000007fefd680000 - 0x000007fefd688000 	C:\Windows\system32\NSI.dll
0x000007fef8600000 - 0x000007fef863b000 	C:\Windows\system32\WINMM.dll
0x000007fefc360000 - 0x000007fefc36c000 	C:\Windows\system32\VERSION.dll
0x0000000077690000 - 0x0000000077697000 	C:\Windows\system32\PSAPI.DLL
0x00000000612e0000 - 0x00000000612ef000 	C:\Program Files\Java\jre1.8.0_92\bin\verify.dll
0x00000000612b0000 - 0x00000000612d9000 	C:\Program Files\Java\jre1.8.0_92\bin\java.dll
0x0000000061290000 - 0x00000000612a6000 	C:\Program Files\Java\jre1.8.0_92\bin\zip.dll
0x000007fefde70000 - 0x000007fefebf8000 	C:\Windows\system32\SHELL32.dll
0x000007feff1e0000 - 0x000007feff3e3000 	C:\Windows\system32\ole32.dll
0x000007fefd270000 - 0x000007fefd27f000 	C:\Windows\system32\profapi.dll
0x000000005fef0000 - 0x0000000060088000 	C:\Program Files\Java\jre1.8.0_92\bin\awt.dll
0x000007feff6f0000 - 0x000007feff7c7000 	C:\Windows\system32\OLEAUT32.dll
0x000007fefbd30000 - 0x000007fefbd86000 	C:\Windows\system32\uxtheme.dll
0x000007fefd070000 - 0x000007fefd0c7000 	C:\Windows\system32\apphelp.dll
0x0000000073920000 - 0x0000000073998000 	C:\Windows\system32\IMKR12.IME
0x0000000073850000 - 0x0000000073919000 	C:\Windows\WinSxS\amd64_microsoft.vc80.crt_1fc8b3b9a1e18e3b_8.0.50727.4940_none_88df89932faf0bf6\MSVCR80.dll
0x0000000073740000 - 0x0000000073849000 	C:\Windows\WinSxS\amd64_microsoft.vc80.crt_1fc8b3b9a1e18e3b_8.0.50727.4940_none_88df89932faf0bf6\MSVCP80.dll
0x000007fefb480000 - 0x000007fefb498000 	C:\Windows\system32\dwmapi.dll
0x000007fefd0d0000 - 0x000007fefd0df000 	C:\Windows\system32\CRYPTBASE.dll
0x0000000061250000 - 0x0000000061281000 	C:\Program Files\Java\jre1.8.0_92\bin\jpeg.dll
0x0000000061200000 - 0x0000000061247000 	C:\Program Files\Java\jre1.8.0_92\bin\fontmanager.dll
0x000007fee9f30000 - 0x000007fee9f79000 	C:\Program Files (x86)\TeamViewer\tv_x64.dll
0x000007fef81b0000 - 0x000007fef82d5000 	C:\Windows\system32\dbghelp.dll

VM Arguments:
jvm_args: -Dfile.encoding=UTF-8 
java_command: newClassManagerGUI.Panel004
java_class_path (initial): C:\Users\student\JAVAee\workspace\ClassManagerProject\bin
Launcher Type: SUN_STANDARD

Environment Variables:
JAVA_HOME=C:\Program Files\Java\jdk1.8.0_92
PATH=C:/Program Files/Java/jdk1.8.0_92/bin/../jre/bin/server;C:/Program Files/Java/jdk1.8.0_92/bin/../jre/bin;C:/Program Files/Java/jdk1.8.0_92/bin/../jre/lib/amd64;C:\Windows\system32;C:\Windows;C:\Windows\System32\Wbem;C:\Windows\System32\WindowsPowerShell\v1.0\;C:\Program Files\Java\jdk1.8.0_92\bin;C:\MinGW\bin;C:\gradle\bin;C:\Program Files\Java\jdk1.8.0_92\bin;C:\apache-tomcat-8.0.33\bin;C:\MinGW\bin;C:\eclipse;
USERNAME=student
OS=Windows_NT
PROCESSOR_IDENTIFIER=Intel64 Family 6 Model 23 Stepping 6, GenuineIntel



---------------  S Y S T E M  ---------------

OS: Windows 7 , 64 bit Build 7601 (6.1.7601.18015)

CPU:total 2 (2 cores per cpu, 1 threads per core) family 6 model 23 stepping 6, cmov, cx8, fxsr, mmx, sse, sse2, sse3, ssse3, sse4.1, tsc

Memory: 4k page, physical 3883952k(845892k free), swap 8037588k(2760260k free)

vm_info: Java HotSpot(TM) 64-Bit Server VM (25.92-b14) for windows-amd64 JRE (1.8.0_92-b14), built on Mar 31 2016 21:03:04 by "java_re" with MS VC++ 10.0 (VS2010)

time: Sat May 14 12:02:15 2016
elapsed time: 64988 seconds (0d 18h 3m 8s)

